['/home/administrator/workspace/opensrp-plugin/bin/escalation.py', 'India']
[(u'2', u'Chamba', u' ', u'5d05aea7-d536-4e4e-9c1b-948feceb589e', u'48a788dc-989a-4ead-b6a8-758bf5fdbea3', u'Ppo'), (u'2', u'Chamba', u' ', u'5d05aea7-d536-4e4e-9c1b-948feceb589e', u'48a788dc-989a-4ead-b6a8-758bf5fdbea3', u'Ppo'), (u'2', u'Chamba', u' ', u'5d05aea7-d536-4e4e-9c1b-948feceb589e', u'48a788dc-989a-4ead-b6a8-758bf5fdbea3', u'Ppo'), (u'2', u'Chamba', u' ', u'5d05aea7-d536-4e4e-9c1b-948feceb589e', u'48a788dc-989a-4ead-b6a8-758bf5fdbea3', u'Ppo'), (u'2', u'Nilofer General Ward', u' ', u'c2c0c0be-98cb-4f30-9baf-eac320aca01b', u'4df5502f-d6ca-4613-bf6d-e3430fd00283', u'abc1'), (u'2', u'Chamba', u' ', u'a17bdb6e-e5b4-4f72-b578-a56fe5440fce', u'dd8718b1-ee94-498e-ae3c-c2ac481a81ee', u'cleanup'), (u'2', u'Gandhi Medical Centre', u' ', u'257df694-7410-4c03-93c9-effab3923921', u'f377bb00-3755-4c6e-b7c2-7e3545f62928', u'Niranjana'), (u'3', u'Changa', u'', u'9f18f6ed-c07c-48c0-ae2d-c506aa8f01fc', u'f7b9363c-72ba-4f87-b96c-c5bdbd0051cd', u'Wesley'), (u'2', u'Gandhi Medical Centre', u' ', u'b5341d04-ca72-4768-aad5-fda708223127', u'4bf03c09-b652-4e2d-82df-873730661a17', u'Neena'), (u'2', u'Nilofer General Ward', u' ', u'f964aa58-2908-437a-b1f3-2b3d83bcf178', u'7cd97dc7-7207-4650-bc0c-c4f9152286d8', u'hhh'), (u'2', u'Chamba', u' ', u'c83d8dc9-3411-4015-8af1-1604e8494a37', u'8d0d3dbc-fc90-4987-9b8a-b576d9f8491d', u'ugibk'), (u'2', u'Chamba', u' ', u'c83d8dc9-3411-4015-8af1-1604e8494a37', u'8d0d3dbc-fc90-4987-9b8a-b576d9f8491d', u'ugibk'), (u'2', u'Nilofer General Ward', u' ', u'788f0015-92c4-44bd-be31-294ab06695e3', u'36899c3d-6436-41d7-a7ee-46758a4185bb', u'Bindu'), (u'2', u'Nilofer General Ward', u'uyh', u'9916174c-79bf-45d6-a284-e7019263c317', u'54e8e60a-7d1a-4466-b28e-d9d7dc977067', u'Bandini'), (u'2', u'Nilofer General Ward', u' ', u'711d6f6e-c1ec-49a2-a336-d5bf6671b768', u'5e0b8172-b2d3-40e6-ad3b-5c1998ff2b9a', u'ccc'), (u'2', u'Chamba', u' ', u'1411dd62-ed7e-4c5d-891d-d8ab1d9595d1', u'072a6262-9bd9-4b3c-9f80-7b2834e2c9bd', u'abil'), (u'2', u'Chamba', u' ', u'1411dd62-ed7e-4c5d-891d-d8ab1d9595d1', u'072a6262-9bd9-4b3c-9f80-7b2834e2c9bd', u'abil'), (u'2', u'Chamba', u' ', u'abde42f7-dd47-466b-8790-427cd8f53eb7', u'd830ad05-8df5-49e3-93e0-2aec364e7cbe', u'ann'), (u'2', u'Chamba', u' ', u'a1aba16b-16ba-40f3-ad68-6c3d5cff3d02', u'9bccde72-a224-4017-8932-90d272e47260', u'tictac'), (u'2', u'Chamba', u' ', u'abde42f7-dd47-466b-8790-427cd8f53eb7', u'd830ad05-8df5-49e3-93e0-2aec364e7cbe', u'ann'), (u'2', u'Chamba', u' ', u'7fb9d989-3943-491a-9811-148e82e032f5', u'602c8cb7-4ebc-4f11-8039-fb365feb36b7', u'Mom'), (u'2', u'Nilofer General Ward', u' ', u'3ef18c5d-0683-4f79-81ad-13c919e9e078', u'93b1a3ac-d69a-4bb6-bc6e-6fbef110d296', u'Erica'), (u'2', u'Nilofer General Ward', u' ', u'3dc1b0c6-59dc-4ee9-aaad-54e94129b084', u'3a6ff5d1-3372-4ebf-aff9-2d81c6a547bc', u'Diya'), (u'2', u'Gandhi Medical Centre', u' ', u'390da71c-2e65-40eb-9fb5-f979834c8b79', u'42211047-acf6-4f66-8664-4163449a3081', u'Tiya'), (u'2', u'Nilofer General Ward', u'jvjhihbj', u'da406a89-e2a8-450d-b905-0cc2624463b4', u'f036aef3-f1f9-4040-94f8-cdeff597d044', u'wer'), (u'2', u'Nilofer General Ward', u'jvjhihbj', u'da406a89-e2a8-450d-b905-0cc2624463b4', u'f036aef3-f1f9-4040-94f8-cdeff597d044', u'wer'), (u'2', u'Nilofer General Ward', u' ', u'805f5317-653d-4db0-9813-646f6b8d239c', u'3b3cb612-e389-4f18-b664-05f2a611b106', u'cbz'), (u'2', u'Nilofer General Ward', u' ', u'805f5317-653d-4db0-9813-646f6b8d239c', u'3b3cb612-e389-4f18-b664-05f2a611b106', u'cbz'), (u'2', u'Nilofer General Ward', u' ', u'c2c0c0be-98cb-4f30-9baf-eac320aca01b', u'4df5502f-d6ca-4613-bf6d-e3430fd00283', u'abc1'), (u'2', u'Nilofer General Ward', u' ', u'094a5451-d8f7-468b-95ec-d9e3efbebc04', u'93b1a3ac-d69a-4bb6-bc6e-6fbef110d296', u'Erica'), (u'2', u'Chamba', u' ', u'fbc6f36a-7c22-4f8e-91c0-48aa131a414c', u'6eb11fda-4425-4189-be5b-11a7b820c958', u'and'), (u'2', u'Chamba', u' ', u'fbc6f36a-7c22-4f8e-91c0-48aa131a414c', u'6eb11fda-4425-4189-be5b-11a7b820c958', u'and'), (u'2', u'Chamba', u' ', u'544b3359-7710-41ed-98dc-eddaecbca633', u'10ffefdc-8892-4c39-866b-a160351b22be', u'Aneela'), (u'2', u'Chamba', u' ', u'a1aba16b-16ba-40f3-ad68-6c3d5cff3d02', u'9bccde72-a224-4017-8932-90d272e47260', u'tictac'), (u'2', u'Nilofer General Ward', u' ', u'4c9498ca-bcee-4aeb-8ac5-a31e099bcc40', u'5c0b1ee8-b769-4119-8864-52f9866521d7', u'pink'), (u'2', u'Chamba', u' ', u'544b3359-7710-41ed-98dc-eddaecbca633', u'10ffefdc-8892-4c39-866b-a160351b22be', u'Aneela'), (u'2', u'Chamba', u' ', u'bbca0c23-5d98-40ef-9169-3f9911ca972d', u'8d717b75-5311-4ae9-880b-344d8a00dcbe', u'yours'), (u'2', u'Chamba', u' ', u'544b3359-7710-41ed-98dc-eddaecbca633', u'10ffefdc-8892-4c39-866b-a160351b22be', u'Aneela'), (u'2', u'Nilofer General Ward', u' ', u'090856fb-9b9d-4ab6-8afd-377365b98d53', u'329276b3-6446-4dbf-9061-fc71c5e31281', u'ggg'), (u'2', u'Gandhi Medical Centre', u' ', u'7e032a4e-b646-4851-a2e5-883f563be5b7', u'682b2545-8190-4b8d-8df6-d71578a520d6', u'sai'), (u'2', u'Chamba', u' ', u'1411dd62-ed7e-4c5d-891d-d8ab1d9595d1', u'072a6262-9bd9-4b3c-9f80-7b2834e2c9bd', u'abil'), (u'2', u'Chamba', u' ', u'1411dd62-ed7e-4c5d-891d-d8ab1d9595d1', u'072a6262-9bd9-4b3c-9f80-7b2834e2c9bd', u'abil'), (u'2', u'Gandhi Medical Centre', u' ', u'b5341d04-ca72-4768-aad5-fda708223127', u'4bf03c09-b652-4e2d-82df-873730661a17', u'Neena'), (u'2', u'Chamba', u' ', u'45c69a49-4746-4696-9d5a-06f7b728a738', u'085c08c7-3e3a-4e36-99c0-19f9e802d320', u'popo'), (u'2', u'Chamba', u' ', u'8fd05aa3-5709-4d32-be3d-12e6723f9460', u'4f399ddc-a12f-4d13-86cc-679a25da2efd', u'Unj'), (u'2', u'Chamba', u' ', u'b688e004-f302-4d96-b93e-fb9d4f3c5c8f', u'54ca9280-2daa-45ca-9fe6-6aa1de5f104d', u'anh'), (u'2', u'Nilofer General Ward', u'test', u'd72ee5a2-9d8f-40bd-8cfc-9fb0abcc8a24', u'acede870-0f03-4911-ba76-55e59ae89d76', u'eee'), (u'2', u'Chamba', u' ', u'c2805a22-7981-42e1-8fc7-cab07dd06fc8', u'0e47d423-37b8-437e-9ba1-c66b90725281', u'Raveena'), (u'2', u'Chamba', u' ', u'7452e32a-9e90-41ff-b0a3-40f47a4e26db', u'9a5a5c4d-4b70-453d-8df7-4c2d98228286', u'mare'), (u'2', u'Chamba', u' ', u'57e5a9d8-008b-4597-8de9-abb6c74c114f', u'b1eb5ef6-b06e-4d6d-9f22-13b4d44787c0', u'iui'), (u'2', u'Chamba', u' ', u'939d62a3-4ae2-4984-bde3-bab587d15863', u'2dff336c-3489-4549-ab72-bceff613c1c0', u'Double'), (u'2', u'Chamba', u' ', u'ae078f8c-aa97-4c7c-b323-e9891d39cd73', u'54ca9280-2daa-45ca-9fe6-6aa1de5f104d', u'anh'), (u'2', u'Chamba', u' ', u'fbc6f36a-7c22-4f8e-91c0-48aa131a414c', u'6eb11fda-4425-4189-be5b-11a7b820c958', u'and'), (u'2', u'Chamba', u'my wish', u'9279d314-3431-4842-b67f-2a673c0000f6', u'03dd51f7-fa38-4f0d-8236-fb0a84506720', u'Jxkdk'), (u'2', u'Chamba', u'my wish', u'9279d314-3431-4842-b67f-2a673c0000f6', u'03dd51f7-fa38-4f0d-8236-fb0a84506720', u'Jxkdk'), (u'2', u'Chamba', u' ', u'bbca0c23-5d98-40ef-9169-3f9911ca972d', u'8d717b75-5311-4ae9-880b-344d8a00dcbe', u'yours'), (u'2', u'Nilofer General Ward', u' ', u'0871a9ce-bd76-428c-8831-25203f20f484', u'ee8d3f9b-a23a-427e-95d7-6fe0befd5fc2', u'fff'), (u'2', u'Nilofer General Ward', u' ', u'0871a9ce-bd76-428c-8831-25203f20f484', u'ee8d3f9b-a23a-427e-95d7-6fe0befd5fc2', u'fff'), (u'2', u'Nilofer General Ward', u' ', u'4c9498ca-bcee-4aeb-8ac5-a31e099bcc40', u'5c0b1ee8-b769-4119-8864-52f9866521d7', u'pink'), (u'2', u'Nilofer General Ward', u' ', u'7b01711e-c470-44c7-807c-7f66c68811f3', u'9c71d5b6-02a3-4cbf-8736-3f26113ddba6', u'sri'), (u'2', u'Chamba', u' ', u'a4b69b04-34f3-41f3-8ee8-5129b4863ebf', u'2dff336c-3489-4549-ab72-bceff613c1c0', u'Double'), (u'2', u'Chamba', u' ', u'a4b69b04-34f3-41f3-8ee8-5129b4863ebf', u'2dff336c-3489-4549-ab72-bceff613c1c0', u'Double'), (u'2', u'Chamba', u' ', u'7cef19c3-5395-4422-a16d-0a45e1c4f16f', u'548b4d8c-1a3a-4440-84ae-7ab1780e6be5', u'pia'), (u'2', u'Chamba', u' ', u'2c91b154-21a7-4a7b-b5f1-384c4a237512', u'042b433d-86f2-4892-a92a-1db2b61fe4a7', u'radha'), (u'2', u'Chamba', u' ', u'ff33b856-8039-4d30-a829-38acf877ea70', u'2cd1654f-0691-42cd-983a-1d1beb1ccd0a', u'lilly'), (u'2', u'Chamba', u' ', u'd8f0401f-9592-43ef-a60a-8ee5ef90e506', u'd82179cd-3951-42d0-b78a-0e16d934b3c1', u'Teena'), (u'2', u'Nilofer General Ward', u' ', u'711d6f6e-c1ec-49a2-a336-d5bf6671b768', u'5e0b8172-b2d3-40e6-ad3b-5c1998ff2b9a', u'ccc'), (u'2', u'Nilofer General Ward', u' ', u'711d6f6e-c1ec-49a2-a336-d5bf6671b768', u'5e0b8172-b2d3-40e6-ad3b-5c1998ff2b9a', u'ccc'), (u'2', u'Nilofer General Ward', u' ', u'711d6f6e-c1ec-49a2-a336-d5bf6671b768', u'5e0b8172-b2d3-40e6-ad3b-5c1998ff2b9a', u'ccc'), (u'2', u'Chamba', u' ', u'ff33b856-8039-4d30-a829-38acf877ea70', u'2cd1654f-0691-42cd-983a-1d1beb1ccd0a', u'lilly'), (u'2', u'Chamba', u' ', u'f4b869df-0453-4cea-a0ec-412915a9ca11', u'4caa1e86-a98d-472a-b17a-c95035bc03bd', u'samy'), (u'2', u'Chamba', u' ', u'4f69ba8d-ca41-4cf3-8e8c-1cf8567e818f', u'4babb4cb-562f-47df-b13b-eb19130af6d9', u'rose'), (u'2', u'Chamba', u' ', u'a1aba16b-16ba-40f3-ad68-6c3d5cff3d02', u'9bccde72-a224-4017-8932-90d272e47260', u'tictac'), (u'2', u'Nilofer General Ward', u' ', u'3dc1b0c6-59dc-4ee9-aaad-54e94129b084', u'3a6ff5d1-3372-4ebf-aff9-2d81c6a547bc', u'Diya'), (u'as', u'as', u'', u'sa', u'sa', u'sa'), (u'2', u'Chamba', u' ', u'363658d4-9e98-48f5-9f94-7a6e032ed8e6', u'9ffa4029-e473-4318-bc36-d34ea8685cc4', u'Testpic'), (u'2', u'Chamba', u' ', u'bbca0c23-5d98-40ef-9169-3f9911ca972d', u'8d717b75-5311-4ae9-880b-344d8a00dcbe', u'yours'), (u'2', u'Chamba', u' ', u'fbc6f36a-7c22-4f8e-91c0-48aa131a414c', u'6eb11fda-4425-4189-be5b-11a7b820c958', u'and'), (u'2', u'Chamba', u' ', u'544b3359-7710-41ed-98dc-eddaecbca633', u'10ffefdc-8892-4c39-866b-a160351b22be', u'Aneela'), (u'2', u'Chamba', u' ', u'544b3359-7710-41ed-98dc-eddaecbca633', u'10ffefdc-8892-4c39-866b-a160351b22be', u'Aneela'), (u'2', u'Chamba', u' ', u'fbc6f36a-7c22-4f8e-91c0-48aa131a414c', u'6eb11fda-4425-4189-be5b-11a7b820c958', u'and'), (u'2', u'Chamba', u' ', u'544b3359-7710-41ed-98dc-eddaecbca633', u'10ffefdc-8892-4c39-866b-a160351b22be', u'Aneela'), (u'2', u'Nilofer General Ward', u' ', u'e18b75fa-dcd7-4027-bcae-6bc1ba6eb9b0', u'bf63773e-30f0-465c-aacc-15d951757803', u'Manisha'), (u'2', u'Chamba', u' ', u'd018f8e4-458e-46e2-b0b3-43a47d3261d3', u'be47b389-b49f-4d87-abb8-48c29aecb5c2', u'aaa'), (u'2', u'Chamba', u' ', u'7f14efe2-f0b1-47a2-8a8a-843609d6a2f0', u'8939ce45-79af-4999-8b1e-b0d9cad43376', u'ant'), (u'2', u'Chamba', u' ', u'7f14efe2-f0b1-47a2-8a8a-843609d6a2f0', u'8939ce45-79af-4999-8b1e-b0d9cad43376', u'ant'), (u'2', u'Nilofer General Ward', u' ', u'84371346-92d1-4083-baf8-9c2a45a68856', u'76e8d56c-6cd0-4043-a99e-d1cf7528114d', u'pm'), (u'2', u'Chamba', u' ', u'15822b0d-b735-4e78-a2a7-6d0841492712', u'36e84905-aa97-4ca5-95e0-8bce26442e06', u'sindhu'), (u'2', u'Chamba', u' ', u'363658d4-9e98-48f5-9f94-7a6e032ed8e6', u'9ffa4029-e473-4318-bc36-d34ea8685cc4', u'Testpic'), (u'2', u'Chamba', u' ', u'013e4491-c0b9-4ba2-821e-8c7fbc81777f', u'b37395f3-2c78-4000-bb3a-7cf54b8cab1c', u'ase'), (u'2', u'Nilofer General Ward', u' ', u'84371346-92d1-4083-baf8-9c2a45a68856', u'76e8d56c-6cd0-4043-a99e-d1cf7528114d', u'pm'), (u'2', u'Nilofer General Ward', u' ', u'e0a97369-2b93-4af2-9b3b-a229bf4bd5a3', u'bcce12ed-0819-4d91-82ab-d132f0a45eba', u'abc2'), (u'2', u'Nilofer General Ward', u' ', u'561d2147-2454-4bcd-abcf-f289ec377185', u'06911cf2-4a5f-46d7-822a-2ad2f8992890', u'abv4'), (u'2', u'Nilofer General Ward', u' ', u'bce2c0b3-1f25-4970-8418-6c2f9cc541f8', u'10897617-d9fe-4924-9f13-16e03087b779', u'Ana'), (u'2', u'Chamba', u' ', u'1ad3d6f8-8107-4620-9b86-658fed8142f5', u'e9168926-55ad-4764-ab7e-eb0eef7667c4', u'aster'), (u'2', u'Nilofer General Ward', u' ', u'7df39626-c616-4680-a26d-340b7facc888', u'f1c04fae-9e09-472b-8a3b-a84e77746859', u'a1'), (u'2', u'Chamba', u' ', u'cfa29cd3-a954-483f-9cee-017da2081177', u'b8da0b9e-78d7-4985-a8a8-2a2ddb19b036', u'asw'), (u'2', u'Chamba', u' ', u'104f1b89-cce1-4882-8643-851f02eb761c', u'24aa1b85-5ce6-4ca6-8cc9-bcbc3fb1c4b4', u'add'), (u'2', u'Chamba', u' ', u'fbc6f36a-7c22-4f8e-91c0-48aa131a414c', u'6eb11fda-4425-4189-be5b-11a7b820c958', u'and'), (u'2', u'Chamba', u' ', u'abde42f7-dd47-466b-8790-427cd8f53eb7', u'd830ad05-8df5-49e3-93e0-2aec364e7cbe', u'ann'), (u'2', u'Nilofer General Ward', u'hjvuh', u'16188639-f973-46d7-b724-60e9aa696207', u'0f7ba25d-3ade-4b61-b91e-b1be6ff6cd62', u'vasi'), (u'2', u'Chamba', u' ', u'64ba4cd9-9587-4cf3-a6e5-eb5b3b617d96', u'16b382c1-d060-4207-b649-8b0aecce6ecd', u'deby'), (u'2', u'Nilofer General Ward', u'hdghd', u'd68a1f0e-32f3-433b-a8e2-b0294f37bb30', u'b71593c6-91af-4393-8c2a-9d26da9cda9e', u'are'), (u'2', u'Nilofer General Ward', u' ', u'ef5faf83-e174-42b0-a3a9-b48cfbb43c6e', u'10897617-d9fe-4924-9f13-16e03087b779', u'Ana'), (u'2', u'Nilofer General Ward', u' ', u'3bbc85a2-c928-48ef-8dc2-ccb5c8db71d4', u'7dcd6eff-32c3-488e-be4d-bf1fcbdcb7c9', u'Himaja'), (u'2', u'Chamba', u' ', u'abde42f7-dd47-466b-8790-427cd8f53eb7', u'd830ad05-8df5-49e3-93e0-2aec364e7cbe', u'ann'), (u'2', u'Chamba', u' ', u'abde42f7-dd47-466b-8790-427cd8f53eb7', u'd830ad05-8df5-49e3-93e0-2aec364e7cbe', u'ann'), (u'2', u'Chamba', u' ', u'd018f8e4-458e-46e2-b0b3-43a47d3261d3', u'be47b389-b49f-4d87-abb8-48c29aecb5c2', u'aaa'), (u'2', u'Chamba', u' ', u'd018f8e4-458e-46e2-b0b3-43a47d3261d3', u'be47b389-b49f-4d87-abb8-48c29aecb5c2', u'aaa'), (u'2', u'Chamba', u' ', u'd018f8e4-458e-46e2-b0b3-43a47d3261d3', u'be47b389-b49f-4d87-abb8-48c29aecb5c2', u'aaa'), (u'2', u'Nilofer General Ward', u' ', u'8210e510-e267-432c-9f5a-dbd7c1651fb4', u'192af3d9-6fab-4e6c-9212-7a7cd88eb5ee', u'abc9'), (u'2', u'Nilofer General Ward', u' ', u'ebc0c8e1-5979-46b1-90ec-a896f5c6916e', u'f1c04fae-9e09-472b-8a3b-a84e77746859', u'a1'), (u'2', u'Nilofer General Ward', u' ', u'ebc0c8e1-5979-46b1-90ec-a896f5c6916e', u'f1c04fae-9e09-472b-8a3b-a84e77746859', u'a1'), (u'2', u'Chamba', u' ', u'd018f8e4-458e-46e2-b0b3-43a47d3261d3', u'be47b389-b49f-4d87-abb8-48c29aecb5c2', u'aaa'), (u'2', u'Nilofer General Ward', u' ', u'094a5451-d8f7-468b-95ec-d9e3efbebc04', u'93b1a3ac-d69a-4bb6-bc6e-6fbef110d296', u'Erica'), (u'2', u'Nilofer General Ward', u' ', u'bcc98c59-ad04-410d-8d3a-a3e2a756e95d', u'7e5c4462-a91c-40f8-a938-34da5d265999', u'Farha'), (u'2', u'Nilofer General Ward', u' ', u'964eeb62-9f98-4f82-b685-3eaf7a00f8ec', u'0183be1f-891e-4d99-a0c7-4de1492960d2', u'dee3'), (u'2', u'Nilofer General Ward', u' ', u'd171a878-043f-4442-b5ae-89f9b54e409b', u'3b3cb612-e389-4f18-b664-05f2a611b106', u'cbz'), (u'2', u'Nilofer General Ward', u' ', u'177f490f-b779-43da-a454-39961c8cf91f', u'bc299109-0ab6-410f-9d01-bca8dcca5457', u'Gayatri'), (u'2', u'Nilofer General Ward', u' ', u'bafd2452-cea5-4dfb-bdb7-0ea87c6b4120', u'3a6ff5d1-3372-4ebf-aff9-2d81c6a547bc', u'Diya'), (u'2', u'Chamba', u' ', u'7fb9d989-3943-491a-9811-148e82e032f5', u'602c8cb7-4ebc-4f11-8039-fb365feb36b7', u'Mom'), (u'2', u'Nilofer General Ward', u'rest ', u'd2e0d70a-b297-4e05-a379-6bfd7c27db48', u'36899c3d-6436-41d7-a7ee-46758a4185bb', u'Bindu'), (u'2', u'Chamba', u' ', u'544b3359-7710-41ed-98dc-eddaecbca633', u'10ffefdc-8892-4c39-866b-a160351b22be', u'Aneela'), (u'2', u'Chamba', u' ', u'544b3359-7710-41ed-98dc-eddaecbca633', u'10ffefdc-8892-4c39-866b-a160351b22be', u'Aneela'), (u'2', u'Chamba', u' ', u'544b3359-7710-41ed-98dc-eddaecbca633', u'10ffefdc-8892-4c39-866b-a160351b22be', u'Aneela'), (u'2', u'Chamba', u' ', u'544b3359-7710-41ed-98dc-eddaecbca633', u'10ffefdc-8892-4c39-866b-a160351b22be', u'Aneela'), (u'2', u'Chamba', u' ', u'544b3359-7710-41ed-98dc-eddaecbca633', u'10ffefdc-8892-4c39-866b-a160351b22be', u'Aneela'), (u'2', u'Nilofer General Ward', u' ', u'72bed922-9841-4daf-9557-7921405137b9', u'26d85510-0187-421d-9ad3-7a7e10e383a9', u'smstest'), (u'2', u'Nilofer General Ward', u' ', u'72bed922-9841-4daf-9557-7921405137b9', u'26d85510-0187-421d-9ad3-7a7e10e383a9', u'smstest'), (u'2', u'Nilofer General Ward', u' ', u'72bed922-9841-4daf-9557-7921405137b9', u'26d85510-0187-421d-9ad3-7a7e10e383a9', u'smstest'), (u'2', u'Nilofer General Ward', u' ', u'4c9498ca-bcee-4aeb-8ac5-a31e099bcc40', u'5c0b1ee8-b769-4119-8864-52f9866521d7', u'pink'), (u'2', u'Nilofer General Ward', u' ', u'4c9498ca-bcee-4aeb-8ac5-a31e099bcc40', u'5c0b1ee8-b769-4119-8864-52f9866521d7', u'pink'), (u'2', u'Nilofer General Ward', u' ', u'cb978db3-15af-4f48-8745-0196f398872a', u'44b559cc-22e2-4de2-be51-4937e2f77338', u'monika'), (u'2', u'Nilofer General Ward', u' ', u'cb978db3-15af-4f48-8745-0196f398872a', u'44b559cc-22e2-4de2-be51-4937e2f77338', u'monika'), (u'2', u'Nilofer General Ward', u' ', u'de75c569-e192-4ba9-bc4d-ce0ee15b9d2f', u'cf7184c5-405c-4fb0-aaac-d6ef4a3120c6', u'dee4')] poc details
if
(u'2', u'Chamba', u' ', u'5d05aea7-d536-4e4e-9c1b-948feceb589e', u'48a788dc-989a-4ead-b6a8-758bf5fdbea3', u'Ppo') single poc
Ppo  
(u'2', u'Chamba', u' ', u'5d05aea7-d536-4e4e-9c1b-948feceb589e', u'48a788dc-989a-4ead-b6a8-758bf5fdbea3', u'Ppo') single poc
Ppo  
(u'2', u'Chamba', u' ', u'5d05aea7-d536-4e4e-9c1b-948feceb589e', u'48a788dc-989a-4ead-b6a8-758bf5fdbea3', u'Ppo') single poc
Ppo  
(u'2', u'Chamba', u' ', u'5d05aea7-d536-4e4e-9c1b-948feceb589e', u'48a788dc-989a-4ead-b6a8-758bf5fdbea3', u'Ppo') single poc
Ppo  
(u'2', u'Nilofer General Ward', u' ', u'c2c0c0be-98cb-4f30-9baf-eac320aca01b', u'4df5502f-d6ca-4613-bf6d-e3430fd00283', u'abc1') single poc
abc1  
(u'2', u'Chamba', u' ', u'a17bdb6e-e5b4-4f72-b578-a56fe5440fce', u'dd8718b1-ee94-498e-ae3c-c2ac481a81ee', u'cleanup') single poc
cleanup  
(u'2', u'Gandhi Medical Centre', u' ', u'257df694-7410-4c03-93c9-effab3923921', u'f377bb00-3755-4c6e-b7c2-7e3545f62928', u'Niranjana') single poc
Niranjana  
(u'3', u'Changa', u'', u'9f18f6ed-c07c-48c0-ae2d-c506aa8f01fc', u'f7b9363c-72ba-4f87-b96c-c5bdbd0051cd', u'Wesley') single poc
Wesley 
(u'2', u'Gandhi Medical Centre', u' ', u'b5341d04-ca72-4768-aad5-fda708223127', u'4bf03c09-b652-4e2d-82df-873730661a17', u'Neena') single poc
Neena  
(u'2', u'Nilofer General Ward', u' ', u'f964aa58-2908-437a-b1f3-2b3d83bcf178', u'7cd97dc7-7207-4650-bc0c-c4f9152286d8', u'hhh') single poc
hhh  
(u'2', u'Chamba', u' ', u'c83d8dc9-3411-4015-8af1-1604e8494a37', u'8d0d3dbc-fc90-4987-9b8a-b576d9f8491d', u'ugibk') single poc
ugibk  
(u'2', u'Chamba', u' ', u'c83d8dc9-3411-4015-8af1-1604e8494a37', u'8d0d3dbc-fc90-4987-9b8a-b576d9f8491d', u'ugibk') single poc
ugibk  
(u'2', u'Nilofer General Ward', u' ', u'788f0015-92c4-44bd-be31-294ab06695e3', u'36899c3d-6436-41d7-a7ee-46758a4185bb', u'Bindu') single poc
Bindu  
(u'2', u'Nilofer General Ward', u'uyh', u'9916174c-79bf-45d6-a284-e7019263c317', u'54e8e60a-7d1a-4466-b28e-d9d7dc977067', u'Bandini') single poc
Bandini uyh
(u'2', u'Nilofer General Ward', u' ', u'711d6f6e-c1ec-49a2-a336-d5bf6671b768', u'5e0b8172-b2d3-40e6-ad3b-5c1998ff2b9a', u'ccc') single poc
ccc  
(u'2', u'Chamba', u' ', u'1411dd62-ed7e-4c5d-891d-d8ab1d9595d1', u'072a6262-9bd9-4b3c-9f80-7b2834e2c9bd', u'abil') single poc
abil  
(u'2', u'Chamba', u' ', u'1411dd62-ed7e-4c5d-891d-d8ab1d9595d1', u'072a6262-9bd9-4b3c-9f80-7b2834e2c9bd', u'abil') single poc
abil  
(u'2', u'Chamba', u' ', u'abde42f7-dd47-466b-8790-427cd8f53eb7', u'd830ad05-8df5-49e3-93e0-2aec364e7cbe', u'ann') single poc
ann  
(u'2', u'Chamba', u' ', u'a1aba16b-16ba-40f3-ad68-6c3d5cff3d02', u'9bccde72-a224-4017-8932-90d272e47260', u'tictac') single poc
tictac  
(u'2', u'Chamba', u' ', u'abde42f7-dd47-466b-8790-427cd8f53eb7', u'd830ad05-8df5-49e3-93e0-2aec364e7cbe', u'ann') single poc
ann  
(u'2', u'Chamba', u' ', u'7fb9d989-3943-491a-9811-148e82e032f5', u'602c8cb7-4ebc-4f11-8039-fb365feb36b7', u'Mom') single poc
Mom  
(u'2', u'Nilofer General Ward', u' ', u'3ef18c5d-0683-4f79-81ad-13c919e9e078', u'93b1a3ac-d69a-4bb6-bc6e-6fbef110d296', u'Erica') single poc
Erica  
(u'2', u'Nilofer General Ward', u' ', u'3dc1b0c6-59dc-4ee9-aaad-54e94129b084', u'3a6ff5d1-3372-4ebf-aff9-2d81c6a547bc', u'Diya') single poc
Diya  
(u'2', u'Gandhi Medical Centre', u' ', u'390da71c-2e65-40eb-9fb5-f979834c8b79', u'42211047-acf6-4f66-8664-4163449a3081', u'Tiya') single poc
Tiya  
(u'2', u'Nilofer General Ward', u'jvjhihbj', u'da406a89-e2a8-450d-b905-0cc2624463b4', u'f036aef3-f1f9-4040-94f8-cdeff597d044', u'wer') single poc
wer jvjhihbj
(u'2', u'Nilofer General Ward', u'jvjhihbj', u'da406a89-e2a8-450d-b905-0cc2624463b4', u'f036aef3-f1f9-4040-94f8-cdeff597d044', u'wer') single poc
wer jvjhihbj
(u'2', u'Nilofer General Ward', u' ', u'805f5317-653d-4db0-9813-646f6b8d239c', u'3b3cb612-e389-4f18-b664-05f2a611b106', u'cbz') single poc
cbz  
(u'2', u'Nilofer General Ward', u' ', u'805f5317-653d-4db0-9813-646f6b8d239c', u'3b3cb612-e389-4f18-b664-05f2a611b106', u'cbz') single poc
cbz  
(u'2', u'Nilofer General Ward', u' ', u'c2c0c0be-98cb-4f30-9baf-eac320aca01b', u'4df5502f-d6ca-4613-bf6d-e3430fd00283', u'abc1') single poc
abc1  
(u'2', u'Nilofer General Ward', u' ', u'094a5451-d8f7-468b-95ec-d9e3efbebc04', u'93b1a3ac-d69a-4bb6-bc6e-6fbef110d296', u'Erica') single poc
Erica  
(u'2', u'Chamba', u' ', u'fbc6f36a-7c22-4f8e-91c0-48aa131a414c', u'6eb11fda-4425-4189-be5b-11a7b820c958', u'and') single poc
and  
(u'2', u'Chamba', u' ', u'fbc6f36a-7c22-4f8e-91c0-48aa131a414c', u'6eb11fda-4425-4189-be5b-11a7b820c958', u'and') single poc
and  
(u'2', u'Chamba', u' ', u'544b3359-7710-41ed-98dc-eddaecbca633', u'10ffefdc-8892-4c39-866b-a160351b22be', u'Aneela') single poc
Aneela  
(u'2', u'Chamba', u' ', u'a1aba16b-16ba-40f3-ad68-6c3d5cff3d02', u'9bccde72-a224-4017-8932-90d272e47260', u'tictac') single poc
tictac  
(u'2', u'Nilofer General Ward', u' ', u'4c9498ca-bcee-4aeb-8ac5-a31e099bcc40', u'5c0b1ee8-b769-4119-8864-52f9866521d7', u'pink') single poc
pink  
(u'2', u'Chamba', u' ', u'544b3359-7710-41ed-98dc-eddaecbca633', u'10ffefdc-8892-4c39-866b-a160351b22be', u'Aneela') single poc
Aneela  
(u'2', u'Chamba', u' ', u'bbca0c23-5d98-40ef-9169-3f9911ca972d', u'8d717b75-5311-4ae9-880b-344d8a00dcbe', u'yours') single poc
yours  
(u'2', u'Chamba', u' ', u'544b3359-7710-41ed-98dc-eddaecbca633', u'10ffefdc-8892-4c39-866b-a160351b22be', u'Aneela') single poc
Aneela  
(u'2', u'Nilofer General Ward', u' ', u'090856fb-9b9d-4ab6-8afd-377365b98d53', u'329276b3-6446-4dbf-9061-fc71c5e31281', u'ggg') single poc
ggg  
(u'2', u'Gandhi Medical Centre', u' ', u'7e032a4e-b646-4851-a2e5-883f563be5b7', u'682b2545-8190-4b8d-8df6-d71578a520d6', u'sai') single poc
sai  
(u'2', u'Chamba', u' ', u'1411dd62-ed7e-4c5d-891d-d8ab1d9595d1', u'072a6262-9bd9-4b3c-9f80-7b2834e2c9bd', u'abil') single poc
abil  
(u'2', u'Chamba', u' ', u'1411dd62-ed7e-4c5d-891d-d8ab1d9595d1', u'072a6262-9bd9-4b3c-9f80-7b2834e2c9bd', u'abil') single poc
abil  
(u'2', u'Gandhi Medical Centre', u' ', u'b5341d04-ca72-4768-aad5-fda708223127', u'4bf03c09-b652-4e2d-82df-873730661a17', u'Neena') single poc
Neena  
(u'2', u'Chamba', u' ', u'45c69a49-4746-4696-9d5a-06f7b728a738', u'085c08c7-3e3a-4e36-99c0-19f9e802d320', u'popo') single poc
popo  
(u'2', u'Chamba', u' ', u'8fd05aa3-5709-4d32-be3d-12e6723f9460', u'4f399ddc-a12f-4d13-86cc-679a25da2efd', u'Unj') single poc
Unj  
(u'2', u'Chamba', u' ', u'b688e004-f302-4d96-b93e-fb9d4f3c5c8f', u'54ca9280-2daa-45ca-9fe6-6aa1de5f104d', u'anh') single poc
anh  
(u'2', u'Nilofer General Ward', u'test', u'd72ee5a2-9d8f-40bd-8cfc-9fb0abcc8a24', u'acede870-0f03-4911-ba76-55e59ae89d76', u'eee') single poc
eee test
(u'2', u'Chamba', u' ', u'c2805a22-7981-42e1-8fc7-cab07dd06fc8', u'0e47d423-37b8-437e-9ba1-c66b90725281', u'Raveena') single poc
Raveena  
(u'2', u'Chamba', u' ', u'7452e32a-9e90-41ff-b0a3-40f47a4e26db', u'9a5a5c4d-4b70-453d-8df7-4c2d98228286', u'mare') single poc
mare  
(u'2', u'Chamba', u' ', u'57e5a9d8-008b-4597-8de9-abb6c74c114f', u'b1eb5ef6-b06e-4d6d-9f22-13b4d44787c0', u'iui') single poc
iui  
(u'2', u'Chamba', u' ', u'939d62a3-4ae2-4984-bde3-bab587d15863', u'2dff336c-3489-4549-ab72-bceff613c1c0', u'Double') single poc
Double  
(u'2', u'Chamba', u' ', u'ae078f8c-aa97-4c7c-b323-e9891d39cd73', u'54ca9280-2daa-45ca-9fe6-6aa1de5f104d', u'anh') single poc
anh  
(u'2', u'Chamba', u' ', u'fbc6f36a-7c22-4f8e-91c0-48aa131a414c', u'6eb11fda-4425-4189-be5b-11a7b820c958', u'and') single poc
and  
(u'2', u'Chamba', u'my wish', u'9279d314-3431-4842-b67f-2a673c0000f6', u'03dd51f7-fa38-4f0d-8236-fb0a84506720', u'Jxkdk') single poc
Jxkdk my wish
(u'2', u'Chamba', u'my wish', u'9279d314-3431-4842-b67f-2a673c0000f6', u'03dd51f7-fa38-4f0d-8236-fb0a84506720', u'Jxkdk') single poc
Jxkdk my wish
(u'2', u'Chamba', u' ', u'bbca0c23-5d98-40ef-9169-3f9911ca972d', u'8d717b75-5311-4ae9-880b-344d8a00dcbe', u'yours') single poc
yours  
(u'2', u'Nilofer General Ward', u' ', u'0871a9ce-bd76-428c-8831-25203f20f484', u'ee8d3f9b-a23a-427e-95d7-6fe0befd5fc2', u'fff') single poc
fff  
(u'2', u'Nilofer General Ward', u' ', u'0871a9ce-bd76-428c-8831-25203f20f484', u'ee8d3f9b-a23a-427e-95d7-6fe0befd5fc2', u'fff') single poc
fff  
(u'2', u'Nilofer General Ward', u' ', u'4c9498ca-bcee-4aeb-8ac5-a31e099bcc40', u'5c0b1ee8-b769-4119-8864-52f9866521d7', u'pink') single poc
pink  
(u'2', u'Nilofer General Ward', u' ', u'7b01711e-c470-44c7-807c-7f66c68811f3', u'9c71d5b6-02a3-4cbf-8736-3f26113ddba6', u'sri') single poc
sri  
(u'2', u'Chamba', u' ', u'a4b69b04-34f3-41f3-8ee8-5129b4863ebf', u'2dff336c-3489-4549-ab72-bceff613c1c0', u'Double') single poc
Double  
(u'2', u'Chamba', u' ', u'a4b69b04-34f3-41f3-8ee8-5129b4863ebf', u'2dff336c-3489-4549-ab72-bceff613c1c0', u'Double') single poc
Double  
(u'2', u'Chamba', u' ', u'7cef19c3-5395-4422-a16d-0a45e1c4f16f', u'548b4d8c-1a3a-4440-84ae-7ab1780e6be5', u'pia') single poc
pia  
(u'2', u'Chamba', u' ', u'2c91b154-21a7-4a7b-b5f1-384c4a237512', u'042b433d-86f2-4892-a92a-1db2b61fe4a7', u'radha') single poc
radha  
(u'2', u'Chamba', u' ', u'ff33b856-8039-4d30-a829-38acf877ea70', u'2cd1654f-0691-42cd-983a-1d1beb1ccd0a', u'lilly') single poc
lilly  
(u'2', u'Chamba', u' ', u'd8f0401f-9592-43ef-a60a-8ee5ef90e506', u'd82179cd-3951-42d0-b78a-0e16d934b3c1', u'Teena') single poc
Teena  
(u'2', u'Nilofer General Ward', u' ', u'711d6f6e-c1ec-49a2-a336-d5bf6671b768', u'5e0b8172-b2d3-40e6-ad3b-5c1998ff2b9a', u'ccc') single poc
ccc  
(u'2', u'Nilofer General Ward', u' ', u'711d6f6e-c1ec-49a2-a336-d5bf6671b768', u'5e0b8172-b2d3-40e6-ad3b-5c1998ff2b9a', u'ccc') single poc
ccc  
(u'2', u'Nilofer General Ward', u' ', u'711d6f6e-c1ec-49a2-a336-d5bf6671b768', u'5e0b8172-b2d3-40e6-ad3b-5c1998ff2b9a', u'ccc') single poc
ccc  
(u'2', u'Chamba', u' ', u'ff33b856-8039-4d30-a829-38acf877ea70', u'2cd1654f-0691-42cd-983a-1d1beb1ccd0a', u'lilly') single poc
lilly  
(u'2', u'Chamba', u' ', u'f4b869df-0453-4cea-a0ec-412915a9ca11', u'4caa1e86-a98d-472a-b17a-c95035bc03bd', u'samy') single poc
samy  
(u'2', u'Chamba', u' ', u'4f69ba8d-ca41-4cf3-8e8c-1cf8567e818f', u'4babb4cb-562f-47df-b13b-eb19130af6d9', u'rose') single poc
rose  
(u'2', u'Chamba', u' ', u'a1aba16b-16ba-40f3-ad68-6c3d5cff3d02', u'9bccde72-a224-4017-8932-90d272e47260', u'tictac') single poc
tictac  
(u'2', u'Nilofer General Ward', u' ', u'3dc1b0c6-59dc-4ee9-aaad-54e94129b084', u'3a6ff5d1-3372-4ebf-aff9-2d81c6a547bc', u'Diya') single poc
Diya  
(u'as', u'as', u'', u'sa', u'sa', u'sa') single poc
sa 
(u'2', u'Chamba', u' ', u'363658d4-9e98-48f5-9f94-7a6e032ed8e6', u'9ffa4029-e473-4318-bc36-d34ea8685cc4', u'Testpic') single poc
Testpic  
(u'2', u'Chamba', u' ', u'bbca0c23-5d98-40ef-9169-3f9911ca972d', u'8d717b75-5311-4ae9-880b-344d8a00dcbe', u'yours') single poc
yours  
(u'2', u'Chamba', u' ', u'fbc6f36a-7c22-4f8e-91c0-48aa131a414c', u'6eb11fda-4425-4189-be5b-11a7b820c958', u'and') single poc
and  
(u'2', u'Chamba', u' ', u'544b3359-7710-41ed-98dc-eddaecbca633', u'10ffefdc-8892-4c39-866b-a160351b22be', u'Aneela') single poc
Aneela  
(u'2', u'Chamba', u' ', u'544b3359-7710-41ed-98dc-eddaecbca633', u'10ffefdc-8892-4c39-866b-a160351b22be', u'Aneela') single poc
Aneela  
(u'2', u'Chamba', u' ', u'fbc6f36a-7c22-4f8e-91c0-48aa131a414c', u'6eb11fda-4425-4189-be5b-11a7b820c958', u'and') single poc
and  
(u'2', u'Chamba', u' ', u'544b3359-7710-41ed-98dc-eddaecbca633', u'10ffefdc-8892-4c39-866b-a160351b22be', u'Aneela') single poc
Aneela  
(u'2', u'Nilofer General Ward', u' ', u'e18b75fa-dcd7-4027-bcae-6bc1ba6eb9b0', u'bf63773e-30f0-465c-aacc-15d951757803', u'Manisha') single poc
Manisha  
(u'2', u'Chamba', u' ', u'd018f8e4-458e-46e2-b0b3-43a47d3261d3', u'be47b389-b49f-4d87-abb8-48c29aecb5c2', u'aaa') single poc
aaa  
(u'2', u'Chamba', u' ', u'7f14efe2-f0b1-47a2-8a8a-843609d6a2f0', u'8939ce45-79af-4999-8b1e-b0d9cad43376', u'ant') single poc
ant  
(u'2', u'Chamba', u' ', u'7f14efe2-f0b1-47a2-8a8a-843609d6a2f0', u'8939ce45-79af-4999-8b1e-b0d9cad43376', u'ant') single poc
ant  
(u'2', u'Nilofer General Ward', u' ', u'84371346-92d1-4083-baf8-9c2a45a68856', u'76e8d56c-6cd0-4043-a99e-d1cf7528114d', u'pm') single poc
pm  
(u'2', u'Chamba', u' ', u'15822b0d-b735-4e78-a2a7-6d0841492712', u'36e84905-aa97-4ca5-95e0-8bce26442e06', u'sindhu') single poc
sindhu  
(u'2', u'Chamba', u' ', u'363658d4-9e98-48f5-9f94-7a6e032ed8e6', u'9ffa4029-e473-4318-bc36-d34ea8685cc4', u'Testpic') single poc
Testpic  
(u'2', u'Chamba', u' ', u'013e4491-c0b9-4ba2-821e-8c7fbc81777f', u'b37395f3-2c78-4000-bb3a-7cf54b8cab1c', u'ase') single poc
ase  
(u'2', u'Nilofer General Ward', u' ', u'84371346-92d1-4083-baf8-9c2a45a68856', u'76e8d56c-6cd0-4043-a99e-d1cf7528114d', u'pm') single poc
pm  
(u'2', u'Nilofer General Ward', u' ', u'e0a97369-2b93-4af2-9b3b-a229bf4bd5a3', u'bcce12ed-0819-4d91-82ab-d132f0a45eba', u'abc2') single poc
abc2  
(u'2', u'Nilofer General Ward', u' ', u'561d2147-2454-4bcd-abcf-f289ec377185', u'06911cf2-4a5f-46d7-822a-2ad2f8992890', u'abv4') single poc
abv4  
(u'2', u'Nilofer General Ward', u' ', u'bce2c0b3-1f25-4970-8418-6c2f9cc541f8', u'10897617-d9fe-4924-9f13-16e03087b779', u'Ana') single poc
Ana  
(u'2', u'Chamba', u' ', u'1ad3d6f8-8107-4620-9b86-658fed8142f5', u'e9168926-55ad-4764-ab7e-eb0eef7667c4', u'aster') single poc
aster  
(u'2', u'Nilofer General Ward', u' ', u'7df39626-c616-4680-a26d-340b7facc888', u'f1c04fae-9e09-472b-8a3b-a84e77746859', u'a1') single poc
a1  
(u'2', u'Chamba', u' ', u'cfa29cd3-a954-483f-9cee-017da2081177', u'b8da0b9e-78d7-4985-a8a8-2a2ddb19b036', u'asw') single poc
asw  
(u'2', u'Chamba', u' ', u'104f1b89-cce1-4882-8643-851f02eb761c', u'24aa1b85-5ce6-4ca6-8cc9-bcbc3fb1c4b4', u'add') single poc
add  
(u'2', u'Chamba', u' ', u'fbc6f36a-7c22-4f8e-91c0-48aa131a414c', u'6eb11fda-4425-4189-be5b-11a7b820c958', u'and') single poc
and  
(u'2', u'Chamba', u' ', u'abde42f7-dd47-466b-8790-427cd8f53eb7', u'd830ad05-8df5-49e3-93e0-2aec364e7cbe', u'ann') single poc
ann  
(u'2', u'Nilofer General Ward', u'hjvuh', u'16188639-f973-46d7-b724-60e9aa696207', u'0f7ba25d-3ade-4b61-b91e-b1be6ff6cd62', u'vasi') single poc
vasi hjvuh
(u'2', u'Chamba', u' ', u'64ba4cd9-9587-4cf3-a6e5-eb5b3b617d96', u'16b382c1-d060-4207-b649-8b0aecce6ecd', u'deby') single poc
deby  
(u'2', u'Nilofer General Ward', u'hdghd', u'd68a1f0e-32f3-433b-a8e2-b0294f37bb30', u'b71593c6-91af-4393-8c2a-9d26da9cda9e', u'are') single poc
are hdghd
(u'2', u'Nilofer General Ward', u' ', u'ef5faf83-e174-42b0-a3a9-b48cfbb43c6e', u'10897617-d9fe-4924-9f13-16e03087b779', u'Ana') single poc
Ana  
(u'2', u'Nilofer General Ward', u' ', u'3bbc85a2-c928-48ef-8dc2-ccb5c8db71d4', u'7dcd6eff-32c3-488e-be4d-bf1fcbdcb7c9', u'Himaja') single poc
Himaja  
(u'2', u'Chamba', u' ', u'abde42f7-dd47-466b-8790-427cd8f53eb7', u'd830ad05-8df5-49e3-93e0-2aec364e7cbe', u'ann') single poc
ann  
(u'2', u'Chamba', u' ', u'abde42f7-dd47-466b-8790-427cd8f53eb7', u'd830ad05-8df5-49e3-93e0-2aec364e7cbe', u'ann') single poc
ann  
(u'2', u'Chamba', u' ', u'd018f8e4-458e-46e2-b0b3-43a47d3261d3', u'be47b389-b49f-4d87-abb8-48c29aecb5c2', u'aaa') single poc
aaa  
(u'2', u'Chamba', u' ', u'd018f8e4-458e-46e2-b0b3-43a47d3261d3', u'be47b389-b49f-4d87-abb8-48c29aecb5c2', u'aaa') single poc
aaa  
(u'2', u'Chamba', u' ', u'd018f8e4-458e-46e2-b0b3-43a47d3261d3', u'be47b389-b49f-4d87-abb8-48c29aecb5c2', u'aaa') single poc
aaa  
(u'2', u'Nilofer General Ward', u' ', u'8210e510-e267-432c-9f5a-dbd7c1651fb4', u'192af3d9-6fab-4e6c-9212-7a7cd88eb5ee', u'abc9') single poc
abc9  
(u'2', u'Nilofer General Ward', u' ', u'ebc0c8e1-5979-46b1-90ec-a896f5c6916e', u'f1c04fae-9e09-472b-8a3b-a84e77746859', u'a1') single poc
a1  
(u'2', u'Nilofer General Ward', u' ', u'ebc0c8e1-5979-46b1-90ec-a896f5c6916e', u'f1c04fae-9e09-472b-8a3b-a84e77746859', u'a1') single poc
a1  
(u'2', u'Chamba', u' ', u'd018f8e4-458e-46e2-b0b3-43a47d3261d3', u'be47b389-b49f-4d87-abb8-48c29aecb5c2', u'aaa') single poc
aaa  
(u'2', u'Nilofer General Ward', u' ', u'094a5451-d8f7-468b-95ec-d9e3efbebc04', u'93b1a3ac-d69a-4bb6-bc6e-6fbef110d296', u'Erica') single poc
Erica  
(u'2', u'Nilofer General Ward', u' ', u'bcc98c59-ad04-410d-8d3a-a3e2a756e95d', u'7e5c4462-a91c-40f8-a938-34da5d265999', u'Farha') single poc
Farha  
(u'2', u'Nilofer General Ward', u' ', u'964eeb62-9f98-4f82-b685-3eaf7a00f8ec', u'0183be1f-891e-4d99-a0c7-4de1492960d2', u'dee3') single poc
dee3  
(u'2', u'Nilofer General Ward', u' ', u'd171a878-043f-4442-b5ae-89f9b54e409b', u'3b3cb612-e389-4f18-b664-05f2a611b106', u'cbz') single poc
cbz  
(u'2', u'Nilofer General Ward', u' ', u'177f490f-b779-43da-a454-39961c8cf91f', u'bc299109-0ab6-410f-9d01-bca8dcca5457', u'Gayatri') single poc
Gayatri  
(u'2', u'Nilofer General Ward', u' ', u'bafd2452-cea5-4dfb-bdb7-0ea87c6b4120', u'3a6ff5d1-3372-4ebf-aff9-2d81c6a547bc', u'Diya') single poc
Diya  
(u'2', u'Chamba', u' ', u'7fb9d989-3943-491a-9811-148e82e032f5', u'602c8cb7-4ebc-4f11-8039-fb365feb36b7', u'Mom') single poc
Mom  
(u'2', u'Nilofer General Ward', u'rest ', u'd2e0d70a-b297-4e05-a379-6bfd7c27db48', u'36899c3d-6436-41d7-a7ee-46758a4185bb', u'Bindu') single poc
Bindu rest 
(u'2', u'Chamba', u' ', u'544b3359-7710-41ed-98dc-eddaecbca633', u'10ffefdc-8892-4c39-866b-a160351b22be', u'Aneela') single poc
Aneela  
(u'2', u'Chamba', u' ', u'544b3359-7710-41ed-98dc-eddaecbca633', u'10ffefdc-8892-4c39-866b-a160351b22be', u'Aneela') single poc
Aneela  
(u'2', u'Chamba', u' ', u'544b3359-7710-41ed-98dc-eddaecbca633', u'10ffefdc-8892-4c39-866b-a160351b22be', u'Aneela') single poc
Aneela  
(u'2', u'Chamba', u' ', u'544b3359-7710-41ed-98dc-eddaecbca633', u'10ffefdc-8892-4c39-866b-a160351b22be', u'Aneela') single poc
Aneela  
(u'2', u'Chamba', u' ', u'544b3359-7710-41ed-98dc-eddaecbca633', u'10ffefdc-8892-4c39-866b-a160351b22be', u'Aneela') single poc
Aneela  
(u'2', u'Nilofer General Ward', u' ', u'72bed922-9841-4daf-9557-7921405137b9', u'26d85510-0187-421d-9ad3-7a7e10e383a9', u'smstest') single poc
smstest  
(u'2', u'Nilofer General Ward', u' ', u'72bed922-9841-4daf-9557-7921405137b9', u'26d85510-0187-421d-9ad3-7a7e10e383a9', u'smstest') single poc
smstest  
(u'2', u'Nilofer General Ward', u' ', u'72bed922-9841-4daf-9557-7921405137b9', u'26d85510-0187-421d-9ad3-7a7e10e383a9', u'smstest') single poc
smstest  
(u'2', u'Nilofer General Ward', u' ', u'4c9498ca-bcee-4aeb-8ac5-a31e099bcc40', u'5c0b1ee8-b769-4119-8864-52f9866521d7', u'pink') single poc
pink  
(u'2', u'Nilofer General Ward', u' ', u'4c9498ca-bcee-4aeb-8ac5-a31e099bcc40', u'5c0b1ee8-b769-4119-8864-52f9866521d7', u'pink') single poc
pink  
(u'2', u'Nilofer General Ward', u' ', u'cb978db3-15af-4f48-8745-0196f398872a', u'44b559cc-22e2-4de2-be51-4937e2f77338', u'monika') single poc
monika  
(u'2', u'Nilofer General Ward', u' ', u'cb978db3-15af-4f48-8745-0196f398872a', u'44b559cc-22e2-4de2-be51-4937e2f77338', u'monika') single poc
monika  
(u'2', u'Nilofer General Ward', u' ', u'de75c569-e192-4ba9-bc4d-ce0ee15b9d2f', u'cf7184c5-405c-4fb0-aaac-d6ef4a3120c6', u'dee4') single poc
dee4  
